2025-11-05 22:22:53,847 INFO: Crawled: http://testphp.vulnweb.com/ (total 1)
2025-11-05 22:22:54,629 INFO: Crawled: http://testphp.vulnweb.com/index.php (total 2)
2025-11-05 22:22:55,430 INFO: Crawled: http://testphp.vulnweb.com/categories.php (total 3)
2025-11-05 22:22:56,219 INFO: Crawled: http://testphp.vulnweb.com/artists.php (total 4)
2025-11-05 22:22:56,984 INFO: Crawled: http://testphp.vulnweb.com/disclaimer.php (total 5)
2025-11-05 22:22:57,782 INFO: Crawled: http://testphp.vulnweb.com/cart.php (total 6)
2025-11-05 22:22:58,561 INFO: Crawled: http://testphp.vulnweb.com/guestbook.php (total 7)
2025-11-05 22:22:59,376 INFO: Crawled: http://testphp.vulnweb.com/AJAX/index.php (total 8)
2025-11-05 22:23:00,177 INFO: Crawled: http://testphp.vulnweb.com/login.php (total 9)
2025-11-05 22:23:01,235 INFO: Crawled: http://testphp.vulnweb.com/userinfo.php (total 10)
2025-11-05 22:23:02,823 INFO: Crawled: http://testphp.vulnweb.com/Mod_Rewrite_Shop/ (total 11)
2025-11-05 22:23:03,620 INFO: Crawled: http://testphp.vulnweb.com/hpp/ (total 12)
2025-11-05 22:23:04,419 INFO: Crawled: http://testphp.vulnweb.com/search.php?test=query (total 13)
2025-11-05 22:23:05,214 INFO: Crawled: http://testphp.vulnweb.com/style.css (total 14)
2025-11-05 22:23:05,988 INFO: Crawled: http://testphp.vulnweb.com/listproducts.php?cat=1 (total 15)
2025-11-05 22:23:06,798 INFO: Crawled: http://testphp.vulnweb.com/listproducts.php?cat=2 (total 16)
2025-11-05 22:23:07,580 INFO: Crawled: http://testphp.vulnweb.com/listproducts.php?cat=3 (total 17)
2025-11-05 22:23:08,388 INFO: Crawled: http://testphp.vulnweb.com/listproducts.php?cat=4 (total 18)
2025-11-05 22:23:09,187 INFO: Crawled: http://testphp.vulnweb.com/artists.php?artist=1 (total 19)
2025-11-05 22:23:09,990 INFO: Crawled: http://testphp.vulnweb.com/artists.php?artist=2 (total 20)
2025-11-05 22:23:10,794 INFO: Crawled: http://testphp.vulnweb.com/artists.php?artist=3 (total 21)
2025-11-05 22:23:11,578 INFO: Crawled: http://testphp.vulnweb.com/AJAX/styles.css (total 22)
2025-11-05 22:23:12,371 INFO: Crawled: http://testphp.vulnweb.com/signup.php (total 23)
2025-11-05 22:23:13,269 INFO: Crawled: http://testphp.vulnweb.com/hpp/?pp=12 (total 24)
2025-11-05 22:23:14,091 INFO: Crawled: http://testphp.vulnweb.com/product.php?pic=6 (total 25)
2025-11-05 22:23:15,551 INFO: Crawled: http://testphp.vulnweb.com/showimage.php?file=./pictures/6.jpg (total 26)
2025-11-05 22:23:16,460 INFO: Crawled: http://testphp.vulnweb.com/listproducts.php?artist=1 (total 27)
2025-11-05 22:23:17,489 INFO: Crawled: http://testphp.vulnweb.com/listproducts.php?artist=2 (total 28)
2025-11-05 22:23:18,340 INFO: Crawled: http://testphp.vulnweb.com/listproducts.php?artist=3 (total 29)
2025-11-05 22:23:19,109 INFO: Crawled: http://testphp.vulnweb.com/secured/newuser.php (total 30)
2025-11-05 22:23:19,876 INFO: Crawled: http://testphp.vulnweb.com/hpp/params.php?p=valid&pp=12 (total 31)
2025-11-05 22:23:20,643 INFO: Crawled: http://testphp.vulnweb.com/product.php?pic=1 (total 32)
2025-11-05 22:23:21,698 INFO: Crawled: http://testphp.vulnweb.com/showimage.php?file=./pictures/1.jpg (total 33)
2025-11-05 22:23:22,478 INFO: Crawled: http://testphp.vulnweb.com/product.php?pic=2 (total 34)
2025-11-05 22:23:23,275 INFO: Crawled: http://testphp.vulnweb.com/showimage.php?file=./pictures/2.jpg (total 35)
2025-11-05 22:23:24,073 INFO: Crawled: http://testphp.vulnweb.com/product.php?pic=3 (total 36)
2025-11-05 22:23:24,873 INFO: Crawled: http://testphp.vulnweb.com/showimage.php?file=./pictures/3.jpg (total 37)
2025-11-05 22:23:25,664 INFO: Crawled: http://testphp.vulnweb.com/product.php?pic=4 (total 38)
2025-11-05 22:23:26,713 INFO: Crawled: http://testphp.vulnweb.com/showimage.php?file=./pictures/4.jpg (total 39)
2025-11-05 22:23:27,513 INFO: Crawled: http://testphp.vulnweb.com/product.php?pic=5 (total 40)
2025-11-05 22:23:28,563 INFO: Crawled: http://testphp.vulnweb.com/showimage.php?file=./pictures/5.jpg (total 41)
2025-11-05 22:23:29,335 INFO: Crawled: http://testphp.vulnweb.com/product.php?pic=7 (total 42)
2025-11-05 22:23:30,376 INFO: Crawled: http://testphp.vulnweb.com/showimage.php?file=./pictures/7.jpg (total 43)
2025-11-05 22:23:31,164 INFO: Crawled: http://testphp.vulnweb.com/secured/style.css (total 44)
2025-11-05 22:23:33,007 INFO: Found path: http://testphp.vulnweb.com/admin (status 200)
2025-11-05 22:24:11,236 INFO: Testing parameters at: http://testphp.vulnweb.com/search.php?test=query
2025-11-05 22:24:15,994 INFO: Testing parameters at: http://testphp.vulnweb.com/listproducts.php?cat=1
2025-11-05 22:24:20,710 INFO: Testing parameters at: http://testphp.vulnweb.com/listproducts.php?cat=2
2025-11-05 22:24:25,422 INFO: Testing parameters at: http://testphp.vulnweb.com/listproducts.php?cat=3
2025-11-05 22:24:30,163 INFO: Testing parameters at: http://testphp.vulnweb.com/listproducts.php?cat=4
2025-11-05 22:24:34,902 INFO: Testing parameters at: http://testphp.vulnweb.com/artists.php?artist=1
2025-11-05 22:24:39,670 INFO: Testing parameters at: http://testphp.vulnweb.com/artists.php?artist=2
2025-11-05 22:24:44,492 INFO: Testing parameters at: http://testphp.vulnweb.com/artists.php?artist=3
2025-11-05 22:24:49,235 INFO: Testing parameters at: http://testphp.vulnweb.com/hpp/?pp=12
2025-11-05 22:24:54,291 INFO: Testing parameters at: http://testphp.vulnweb.com/product.php?pic=6
2025-11-05 22:24:59,035 INFO: Testing parameters at: http://testphp.vulnweb.com/showimage.php?file=./pictures/6.jpg
2025-11-05 22:25:03,739 INFO: Testing parameters at: http://testphp.vulnweb.com/listproducts.php?artist=1
2025-11-05 22:25:08,414 INFO: Testing parameters at: http://testphp.vulnweb.com/listproducts.php?artist=2
2025-11-05 22:25:13,097 INFO: Testing parameters at: http://testphp.vulnweb.com/listproducts.php?artist=3
2025-11-05 22:25:17,829 INFO: Testing parameters at: http://testphp.vulnweb.com/hpp/params.php?p=valid&pp=12
2025-11-05 22:25:26,357 INFO: Testing parameters at: http://testphp.vulnweb.com/product.php?pic=1
2025-11-05 22:25:31,050 INFO: Testing parameters at: http://testphp.vulnweb.com/showimage.php?file=./pictures/1.jpg
2025-11-05 22:25:36,037 INFO: Testing parameters at: http://testphp.vulnweb.com/product.php?pic=2
2025-11-05 22:25:40,730 INFO: Testing parameters at: http://testphp.vulnweb.com/showimage.php?file=./pictures/2.jpg
2025-11-05 22:25:45,447 INFO: Testing parameters at: http://testphp.vulnweb.com/product.php?pic=3
2025-11-05 22:25:50,123 INFO: Testing parameters at: http://testphp.vulnweb.com/showimage.php?file=./pictures/3.jpg
2025-11-05 22:25:54,823 INFO: Testing parameters at: http://testphp.vulnweb.com/product.php?pic=4
2025-11-05 22:25:59,536 INFO: Testing parameters at: http://testphp.vulnweb.com/showimage.php?file=./pictures/4.jpg
2025-11-05 22:26:04,516 INFO: Testing parameters at: http://testphp.vulnweb.com/product.php?pic=5
2025-11-05 22:26:09,172 INFO: Testing parameters at: http://testphp.vulnweb.com/showimage.php?file=./pictures/5.jpg
2025-11-05 22:26:14,372 INFO: Testing parameters at: http://testphp.vulnweb.com/product.php?pic=7
2025-11-05 22:26:19,018 INFO: Testing parameters at: http://testphp.vulnweb.com/showimage.php?file=./pictures/7.jpg
2025-11-05 22:33:46,438 INFO: Crawled: http://testphp.vulnweb.com/ (total 1)
2025-11-05 22:33:47,238 INFO: Crawled: http://testphp.vulnweb.com/index.php (total 2)
2025-11-05 22:33:48,020 INFO: Crawled: http://testphp.vulnweb.com/categories.php (total 3)
2025-11-05 22:33:48,796 INFO: Crawled: http://testphp.vulnweb.com/artists.php (total 4)
2025-11-05 22:33:49,578 INFO: Crawled: http://testphp.vulnweb.com/disclaimer.php (total 5)
2025-11-05 22:33:50,347 INFO: Crawled: http://testphp.vulnweb.com/cart.php (total 6)
2025-11-05 22:33:51,123 INFO: Crawled: http://testphp.vulnweb.com/guestbook.php (total 7)
2025-11-05 22:33:51,888 INFO: Crawled: http://testphp.vulnweb.com/AJAX/index.php (total 8)
2025-11-05 22:33:52,672 INFO: Crawled: http://testphp.vulnweb.com/login.php (total 9)
2025-11-05 22:33:53,709 INFO: Crawled: http://testphp.vulnweb.com/userinfo.php (total 10)
2025-11-05 22:33:55,246 INFO: Crawled: http://testphp.vulnweb.com/Mod_Rewrite_Shop/ (total 11)
2025-11-05 22:33:56,022 INFO: Crawled: http://testphp.vulnweb.com/hpp/ (total 12)
2025-11-05 22:33:56,795 INFO: Crawled: http://testphp.vulnweb.com/search.php?test=query (total 13)
2025-11-05 22:33:57,564 INFO: Crawled: http://testphp.vulnweb.com/style.css (total 14)
2025-11-05 22:33:58,338 INFO: Crawled: http://testphp.vulnweb.com/listproducts.php?cat=1 (total 15)
2025-11-05 22:33:59,121 INFO: Crawled: http://testphp.vulnweb.com/listproducts.php?cat=2 (total 16)
2025-11-05 22:33:59,892 INFO: Crawled: http://testphp.vulnweb.com/listproducts.php?cat=3 (total 17)
2025-11-05 22:34:00,674 INFO: Crawled: http://testphp.vulnweb.com/listproducts.php?cat=4 (total 18)
2025-11-05 22:34:01,451 INFO: Crawled: http://testphp.vulnweb.com/artists.php?artist=1 (total 19)
2025-11-05 22:34:02,235 INFO: Crawled: http://testphp.vulnweb.com/artists.php?artist=2 (total 20)
2025-11-05 22:34:03,007 INFO: Crawled: http://testphp.vulnweb.com/artists.php?artist=3 (total 21)
2025-11-05 22:34:03,773 INFO: Crawled: http://testphp.vulnweb.com/AJAX/styles.css (total 22)
2025-11-05 22:34:04,543 INFO: Crawled: http://testphp.vulnweb.com/signup.php (total 23)
2025-11-05 22:34:05,303 INFO: Crawled: http://testphp.vulnweb.com/Mod_Rewrite_Shop/Details/network-attached-storage-dlink/1/ (total 24)
2025-11-05 22:34:06,086 INFO: Crawled: http://testphp.vulnweb.com/Mod_Rewrite_Shop/Details/web-camera-a4tech/2/ (total 25)
2025-11-05 22:34:06,864 INFO: Crawled: http://testphp.vulnweb.com/Mod_Rewrite_Shop/Details/color-printer/3/ (total 26)
2025-11-05 22:34:07,625 INFO: Crawled: http://testphp.vulnweb.com/hpp/?pp=12 (total 27)
2025-11-05 22:34:08,411 INFO: Crawled: http://testphp.vulnweb.com/product.php?pic=1 (total 28)
2025-11-05 22:34:09,527 INFO: Crawled: http://testphp.vulnweb.com/showimage.php?file=./pictures/1.jpg (total 29)
2025-11-05 22:34:10,307 INFO: Crawled: http://testphp.vulnweb.com/product.php?pic=2 (total 30)
2025-11-05 22:34:11,128 INFO: Crawled: http://testphp.vulnweb.com/showimage.php?file=./pictures/2.jpg (total 31)
2025-11-05 22:34:11,900 INFO: Crawled: http://testphp.vulnweb.com/product.php?pic=3 (total 32)
2025-11-05 22:34:12,676 INFO: Crawled: http://testphp.vulnweb.com/showimage.php?file=./pictures/3.jpg (total 33)
2025-11-05 22:34:13,459 INFO: Crawled: http://testphp.vulnweb.com/product.php?pic=4 (total 34)
2025-11-05 22:34:14,493 INFO: Crawled: http://testphp.vulnweb.com/showimage.php?file=./pictures/4.jpg (total 35)
2025-11-05 22:34:15,284 INFO: Crawled: http://testphp.vulnweb.com/product.php?pic=5 (total 36)
2025-11-05 22:34:16,338 INFO: Crawled: http://testphp.vulnweb.com/showimage.php?file=./pictures/5.jpg (total 37)
2025-11-05 22:34:17,114 INFO: Crawled: http://testphp.vulnweb.com/product.php?pic=7 (total 38)
2025-11-05 22:34:18,174 INFO: Crawled: http://testphp.vulnweb.com/showimage.php?file=./pictures/7.jpg (total 39)
2025-11-05 22:34:18,947 INFO: Crawled: http://testphp.vulnweb.com/product.php?pic=6 (total 40)
2025-11-05 22:34:19,997 INFO: Crawled: http://testphp.vulnweb.com/showimage.php?file=./pictures/6.jpg (total 41)
2025-11-05 22:34:20,781 INFO: Crawled: http://testphp.vulnweb.com/listproducts.php?artist=1 (total 42)
2025-11-05 22:34:21,553 INFO: Crawled: http://testphp.vulnweb.com/listproducts.php?artist=2 (total 43)
2025-11-05 22:34:22,336 INFO: Crawled: http://testphp.vulnweb.com/listproducts.php?artist=3 (total 44)
2025-11-05 22:34:23,110 INFO: Crawled: http://testphp.vulnweb.com/secured/newuser.php (total 45)
2025-11-05 22:34:23,882 INFO: Crawled: http://testphp.vulnweb.com/Mod_Rewrite_Shop/BuyProduct-1/ (total 46)
2025-11-05 22:34:24,647 INFO: Crawled: http://testphp.vulnweb.com/Mod_Rewrite_Shop/RateProduct-1.html (total 47)
2025-11-05 22:34:25,429 INFO: Crawled: http://testphp.vulnweb.com/Mod_Rewrite_Shop/BuyProduct-2/ (total 48)
2025-11-05 22:34:26,205 INFO: Crawled: http://testphp.vulnweb.com/Mod_Rewrite_Shop/RateProduct-2.html (total 49)
2025-11-05 22:34:26,978 INFO: Crawled: http://testphp.vulnweb.com/Mod_Rewrite_Shop/BuyProduct-3/ (total 50)
2025-11-05 22:34:27,744 INFO: Crawled: http://testphp.vulnweb.com/Mod_Rewrite_Shop/RateProduct-3.html (total 51)
2025-11-05 22:34:28,509 INFO: Crawled: http://testphp.vulnweb.com/hpp/params.php?p=valid&pp=12 (total 52)
2025-11-05 22:34:29,281 INFO: Crawled: http://testphp.vulnweb.com/secured/style.css (total 53)
2025-11-05 22:34:31,092 INFO: Found path: http://testphp.vulnweb.com/admin (status 200)
2025-11-05 22:35:15,346 INFO: Testing parameters at: http://testphp.vulnweb.com/search.php?test=query
2025-11-05 22:35:20,024 INFO: Testing parameters at: http://testphp.vulnweb.com/listproducts.php?cat=1
2025-11-05 22:35:24,706 INFO: Testing parameters at: http://testphp.vulnweb.com/listproducts.php?cat=2
2025-11-05 22:35:29,345 INFO: Testing parameters at: http://testphp.vulnweb.com/listproducts.php?cat=3
2025-11-05 22:35:33,973 INFO: Testing parameters at: http://testphp.vulnweb.com/listproducts.php?cat=4
2025-11-05 22:35:38,587 INFO: Testing parameters at: http://testphp.vulnweb.com/artists.php?artist=1
2025-11-05 22:35:43,217 INFO: Testing parameters at: http://testphp.vulnweb.com/artists.php?artist=2
2025-11-05 22:35:47,833 INFO: Testing parameters at: http://testphp.vulnweb.com/artists.php?artist=3
2025-11-05 22:35:52,700 INFO: Testing parameters at: http://testphp.vulnweb.com/hpp/?pp=12
2025-11-05 22:35:57,348 INFO: Testing parameters at: http://testphp.vulnweb.com/product.php?pic=1
2025-11-05 22:36:01,973 INFO: Testing parameters at: http://testphp.vulnweb.com/showimage.php?file=./pictures/1.jpg
2025-11-05 22:36:06,899 INFO: Testing parameters at: http://testphp.vulnweb.com/product.php?pic=2
2025-11-05 22:36:11,498 INFO: Testing parameters at: http://testphp.vulnweb.com/showimage.php?file=./pictures/2.jpg
2025-11-05 22:36:16,129 INFO: Testing parameters at: http://testphp.vulnweb.com/product.php?pic=3
2025-11-05 22:36:20,743 INFO: Testing parameters at: http://testphp.vulnweb.com/showimage.php?file=./pictures/3.jpg
2025-11-05 22:36:25,379 INFO: Testing parameters at: http://testphp.vulnweb.com/product.php?pic=4
2025-11-05 22:36:30,024 INFO: Testing parameters at: http://testphp.vulnweb.com/showimage.php?file=./pictures/4.jpg
2025-11-05 22:36:34,929 INFO: Testing parameters at: http://testphp.vulnweb.com/product.php?pic=5
2025-11-05 22:36:39,528 INFO: Testing parameters at: http://testphp.vulnweb.com/showimage.php?file=./pictures/5.jpg
2025-11-05 22:36:44,406 INFO: Testing parameters at: http://testphp.vulnweb.com/product.php?pic=7
2025-11-05 22:36:49,039 INFO: Testing parameters at: http://testphp.vulnweb.com/showimage.php?file=./pictures/7.jpg
2025-11-05 22:36:53,946 INFO: Testing parameters at: http://testphp.vulnweb.com/product.php?pic=6
2025-11-05 22:36:58,578 INFO: Testing parameters at: http://testphp.vulnweb.com/showimage.php?file=./pictures/6.jpg
2025-11-05 22:37:03,507 INFO: Testing parameters at: http://testphp.vulnweb.com/listproducts.php?artist=1
2025-11-05 22:37:08,409 INFO: Testing parameters at: http://testphp.vulnweb.com/listproducts.php?artist=2
2025-11-05 22:37:13,054 INFO: Testing parameters at: http://testphp.vulnweb.com/listproducts.php?artist=3
2025-11-05 22:37:17,745 INFO: Testing parameters at: http://testphp.vulnweb.com/hpp/params.php?p=valid&pp=12
2025-11-05 22:37:26,528 INFO: Reports generated: {'json': 'reports\\edu_scan_report_20251105T170726Z.json', 'csv': 'reports\\edu_scan_report_20251105T170726Z.csv', 'html': 'reports\\edu_scan_report_20251105T170726Z.html', 'pdf': 'reports\\edu_scan_report_20251105T170726Z.pdf'}
2025-11-05 22:47:38,677 INFO: Crawled: http://testphp.vulnweb.com/ (total 1)
2025-11-05 22:47:39,453 INFO: Crawled: http://testphp.vulnweb.com/index.php (total 2)
2025-11-05 22:47:40,243 INFO: Crawled: http://testphp.vulnweb.com/categories.php (total 3)
2025-11-05 22:47:41,037 INFO: Crawled: http://testphp.vulnweb.com/artists.php (total 4)
2025-11-05 22:47:41,816 INFO: Crawled: http://testphp.vulnweb.com/disclaimer.php (total 5)
2025-11-05 22:47:42,604 INFO: Crawled: http://testphp.vulnweb.com/cart.php (total 6)
2025-11-05 22:47:43,393 INFO: Crawled: http://testphp.vulnweb.com/guestbook.php (total 7)
2025-11-05 22:47:44,190 INFO: Crawled: http://testphp.vulnweb.com/AJAX/index.php (total 8)
2025-11-05 22:47:45,000 INFO: Crawled: http://testphp.vulnweb.com/login.php (total 9)
2025-11-05 22:47:46,076 INFO: Crawled: http://testphp.vulnweb.com/userinfo.php (total 10)
2025-11-05 22:47:47,677 INFO: Crawled: http://testphp.vulnweb.com/Mod_Rewrite_Shop/ (total 11)
2025-11-05 22:47:48,450 INFO: Crawled: http://testphp.vulnweb.com/hpp/ (total 12)
2025-11-05 22:47:49,229 INFO: Crawled: http://testphp.vulnweb.com/search.php?test=query (total 13)
2025-11-05 22:47:50,005 INFO: Crawled: http://testphp.vulnweb.com/style.css (total 14)
2025-11-05 22:47:50,801 INFO: Crawled: http://testphp.vulnweb.com/listproducts.php?cat=1 (total 15)
2025-11-05 22:47:51,606 INFO: Crawled: http://testphp.vulnweb.com/listproducts.php?cat=2 (total 16)
2025-11-05 22:47:52,396 INFO: Crawled: http://testphp.vulnweb.com/listproducts.php?cat=3 (total 17)
2025-11-05 22:47:53,180 INFO: Crawled: http://testphp.vulnweb.com/listproducts.php?cat=4 (total 18)
2025-11-05 22:47:53,950 INFO: Crawled: http://testphp.vulnweb.com/artists.php?artist=1 (total 19)
2025-11-05 22:47:54,747 INFO: Crawled: http://testphp.vulnweb.com/artists.php?artist=2 (total 20)
2025-11-05 22:47:55,555 INFO: Crawled: http://testphp.vulnweb.com/artists.php?artist=3 (total 21)
2025-11-05 22:47:56,337 INFO: Crawled: http://testphp.vulnweb.com/AJAX/styles.css (total 22)
2025-11-05 22:47:57,114 INFO: Crawled: http://testphp.vulnweb.com/signup.php (total 23)
2025-11-05 22:47:57,884 INFO: Crawled: http://testphp.vulnweb.com/Mod_Rewrite_Shop/Details/network-attached-storage-dlink/1/ (total 24)
2025-11-05 22:47:58,668 INFO: Crawled: http://testphp.vulnweb.com/Mod_Rewrite_Shop/Details/web-camera-a4tech/2/ (total 25)
2025-11-05 22:47:59,441 INFO: Crawled: http://testphp.vulnweb.com/Mod_Rewrite_Shop/Details/color-printer/3/ (total 26)
2025-11-05 22:48:00,233 INFO: Crawled: http://testphp.vulnweb.com/hpp/?pp=12 (total 27)
2025-11-05 22:48:01,015 INFO: Crawled: http://testphp.vulnweb.com/product.php?pic=1 (total 28)
2025-11-05 22:48:02,138 INFO: Crawled: http://testphp.vulnweb.com/showimage.php?file=./pictures/1.jpg (total 29)
2025-11-05 22:48:02,919 INFO: Crawled: http://testphp.vulnweb.com/product.php?pic=2 (total 30)
2025-11-05 22:48:03,712 INFO: Crawled: http://testphp.vulnweb.com/showimage.php?file=./pictures/2.jpg (total 31)
2025-11-05 22:48:04,489 INFO: Crawled: http://testphp.vulnweb.com/product.php?pic=3 (total 32)
2025-11-05 22:48:05,278 INFO: Crawled: http://testphp.vulnweb.com/showimage.php?file=./pictures/3.jpg (total 33)
2025-11-05 22:48:06,076 INFO: Crawled: http://testphp.vulnweb.com/product.php?pic=4 (total 34)
2025-11-05 22:48:07,143 INFO: Crawled: http://testphp.vulnweb.com/showimage.php?file=./pictures/4.jpg (total 35)
2025-11-05 22:48:07,963 INFO: Crawled: http://testphp.vulnweb.com/product.php?pic=5 (total 36)
2025-11-05 22:48:09,018 INFO: Crawled: http://testphp.vulnweb.com/showimage.php?file=./pictures/5.jpg (total 37)
2025-11-05 22:48:09,807 INFO: Crawled: http://testphp.vulnweb.com/product.php?pic=7 (total 38)
2025-11-05 22:48:10,852 INFO: Crawled: http://testphp.vulnweb.com/showimage.php?file=./pictures/7.jpg (total 39)
2025-11-05 22:48:11,642 INFO: Crawled: http://testphp.vulnweb.com/product.php?pic=6 (total 40)
2025-11-05 22:48:12,700 INFO: Crawled: http://testphp.vulnweb.com/showimage.php?file=./pictures/6.jpg (total 41)
2025-11-05 22:48:13,488 INFO: Crawled: http://testphp.vulnweb.com/listproducts.php?artist=1 (total 42)
2025-11-05 22:48:14,283 INFO: Crawled: http://testphp.vulnweb.com/listproducts.php?artist=2 (total 43)
2025-11-05 22:48:15,070 INFO: Crawled: http://testphp.vulnweb.com/listproducts.php?artist=3 (total 44)
2025-11-05 22:48:15,844 INFO: Crawled: http://testphp.vulnweb.com/secured/newuser.php (total 45)
2025-11-05 22:48:16,631 INFO: Crawled: http://testphp.vulnweb.com/Mod_Rewrite_Shop/BuyProduct-1/ (total 46)
2025-11-05 22:48:17,410 INFO: Crawled: http://testphp.vulnweb.com/Mod_Rewrite_Shop/RateProduct-1.html (total 47)
2025-11-05 22:48:18,178 INFO: Crawled: http://testphp.vulnweb.com/Mod_Rewrite_Shop/BuyProduct-2/ (total 48)
2025-11-05 22:48:18,952 INFO: Crawled: http://testphp.vulnweb.com/Mod_Rewrite_Shop/RateProduct-2.html (total 49)
2025-11-05 22:48:19,748 INFO: Crawled: http://testphp.vulnweb.com/Mod_Rewrite_Shop/BuyProduct-3/ (total 50)
2025-11-05 22:48:20,522 INFO: Crawled: http://testphp.vulnweb.com/Mod_Rewrite_Shop/RateProduct-3.html (total 51)
2025-11-05 22:48:21,310 INFO: Crawled: http://testphp.vulnweb.com/hpp/params.php?p=valid&pp=12 (total 52)
2025-11-05 22:48:22,085 INFO: Crawled: http://testphp.vulnweb.com/secured/style.css (total 53)
2025-11-05 22:48:24,186 INFO: Found path: http://testphp.vulnweb.com/admin (status 200)
2025-11-05 22:49:08,540 INFO: Testing parameters at: http://testphp.vulnweb.com/search.php?test=query
2025-11-05 22:49:13,197 INFO: Testing parameters at: http://testphp.vulnweb.com/listproducts.php?cat=1
2025-11-05 22:49:17,869 INFO: Testing parameters at: http://testphp.vulnweb.com/listproducts.php?cat=2
2025-11-05 22:49:22,593 INFO: Testing parameters at: http://testphp.vulnweb.com/listproducts.php?cat=3
2025-11-05 22:49:27,338 INFO: Testing parameters at: http://testphp.vulnweb.com/listproducts.php?cat=4
2025-11-05 22:49:31,983 INFO: Testing parameters at: http://testphp.vulnweb.com/artists.php?artist=1
2025-11-05 22:49:36,665 INFO: Testing parameters at: http://testphp.vulnweb.com/artists.php?artist=2
2025-11-05 22:49:41,393 INFO: Testing parameters at: http://testphp.vulnweb.com/artists.php?artist=3
2025-11-05 22:49:46,298 INFO: Testing parameters at: http://testphp.vulnweb.com/hpp/?pp=12
2025-11-05 22:49:50,927 INFO: Testing parameters at: http://testphp.vulnweb.com/product.php?pic=1
2025-11-05 22:49:55,538 INFO: Testing parameters at: http://testphp.vulnweb.com/showimage.php?file=./pictures/1.jpg
2025-11-05 22:50:00,182 INFO: Testing parameters at: http://testphp.vulnweb.com/product.php?pic=2
2025-11-05 22:50:04,793 INFO: Testing parameters at: http://testphp.vulnweb.com/showimage.php?file=./pictures/2.jpg
2025-11-05 22:50:09,422 INFO: Testing parameters at: http://testphp.vulnweb.com/product.php?pic=3
2025-11-05 22:50:14,063 INFO: Testing parameters at: http://testphp.vulnweb.com/showimage.php?file=./pictures/3.jpg
2025-11-05 22:50:18,678 INFO: Testing parameters at: http://testphp.vulnweb.com/product.php?pic=4
2025-11-05 22:50:23,307 INFO: Testing parameters at: http://testphp.vulnweb.com/showimage.php?file=./pictures/4.jpg
2025-11-05 22:50:28,182 INFO: Testing parameters at: http://testphp.vulnweb.com/product.php?pic=5
2025-11-05 22:50:32,802 INFO: Testing parameters at: http://testphp.vulnweb.com/showimage.php?file=./pictures/5.jpg
2025-11-05 22:50:37,668 INFO: Testing parameters at: http://testphp.vulnweb.com/product.php?pic=7
2025-11-05 22:50:42,267 INFO: Testing parameters at: http://testphp.vulnweb.com/showimage.php?file=./pictures/7.jpg
2025-11-05 22:50:47,281 INFO: Testing parameters at: http://testphp.vulnweb.com/product.php?pic=6
2025-11-05 22:50:51,900 INFO: Testing parameters at: http://testphp.vulnweb.com/showimage.php?file=./pictures/6.jpg
2025-11-05 22:50:56,790 INFO: Testing parameters at: http://testphp.vulnweb.com/listproducts.php?artist=1
2025-11-05 22:51:01,679 INFO: Testing parameters at: http://testphp.vulnweb.com/listproducts.php?artist=2
2025-11-05 22:51:06,289 INFO: Testing parameters at: http://testphp.vulnweb.com/listproducts.php?artist=3
2025-11-05 22:51:10,931 INFO: Testing parameters at: http://testphp.vulnweb.com/hpp/params.php?p=valid&pp=12
2025-11-05 23:01:02,806 INFO: Reports generated: {'json': 'reports\\edu_scan_report_20251105T173102Z.json', 'csv': 'reports\\edu_scan_report_20251105T173102Z.csv', 'html': 'reports\\edu_scan_report_20251105T173102Z.html', 'pdf': 'reports\\edu_scan_report_20251105T173102Z.pdf'}
2025-11-05 23:01:28,975 INFO: Reports generated: {'json': 'reports\\edu_scan_report_20251105T173128Z.json', 'csv': 'reports\\edu_scan_report_20251105T173128Z.csv', 'html': 'reports\\edu_scan_report_20251105T173128Z.html', 'pdf': 'reports\\edu_scan_report_20251105T173128Z.pdf'}
2025-11-05 23:02:22,063 INFO: Crawled: http://testphp.vulnweb.com/ (total 1)
2025-11-05 23:02:22,840 INFO: Crawled: http://testphp.vulnweb.com/index.php (total 2)
2025-11-05 23:02:23,608 INFO: Crawled: http://testphp.vulnweb.com/categories.php (total 3)
2025-11-05 23:02:39,655 INFO: Crawled: http://testphp.vulnweb.com/disclaimer.php (total 4)
2025-11-05 23:02:40,423 INFO: Crawled: http://testphp.vulnweb.com/cart.php (total 5)
2025-11-05 23:02:41,209 INFO: Crawled: http://testphp.vulnweb.com/guestbook.php (total 6)
2025-11-05 23:02:41,976 INFO: Crawled: http://testphp.vulnweb.com/AJAX/index.php (total 7)
2025-11-05 23:02:42,751 INFO: Crawled: http://testphp.vulnweb.com/login.php (total 8)
2025-11-05 23:02:43,810 INFO: Crawled: http://testphp.vulnweb.com/userinfo.php (total 9)
2025-11-05 23:02:45,365 INFO: Crawled: http://testphp.vulnweb.com/Mod_Rewrite_Shop/ (total 10)
2025-11-05 23:02:46,135 INFO: Crawled: http://testphp.vulnweb.com/hpp/ (total 11)
2025-11-05 23:02:46,914 INFO: Crawled: http://testphp.vulnweb.com/search.php?test=query (total 12)
2025-11-05 23:02:47,670 INFO: Crawled: http://testphp.vulnweb.com/style.css (total 13)
2025-11-05 23:02:48,437 INFO: Crawled: http://testphp.vulnweb.com/AJAX/styles.css (total 14)
2025-11-05 23:02:49,209 INFO: Crawled: http://testphp.vulnweb.com/signup.php (total 15)
2025-11-05 23:02:49,972 INFO: Crawled: http://testphp.vulnweb.com/hpp/?pp=12 (total 16)
2025-11-05 23:02:50,731 INFO: Crawled: http://testphp.vulnweb.com/secured/newuser.php (total 17)
2025-11-05 23:02:51,511 INFO: Crawled: http://testphp.vulnweb.com/hpp/params.php?p=valid&pp=12 (total 18)
2025-11-05 23:02:52,277 INFO: Crawled: http://testphp.vulnweb.com/secured/style.css (total 19)
2025-11-05 23:02:54,078 INFO: Found path: http://testphp.vulnweb.com/admin (status 200)
2025-11-05 23:03:09,238 INFO: Testing parameters at: http://testphp.vulnweb.com/search.php?test=query
2025-11-05 23:03:13,926 INFO: Testing parameters at: http://testphp.vulnweb.com/hpp/?pp=12
2025-11-05 23:03:18,582 INFO: Testing parameters at: http://testphp.vulnweb.com/hpp/params.php?p=valid&pp=12
2025-11-05 23:03:27,179 INFO: Reports generated: {'json': 'reports\\edu_scan_report_20251105T173327Z.json', 'csv': 'reports\\edu_scan_report_20251105T173327Z.csv', 'html': 'reports\\edu_scan_report_20251105T173327Z.html', 'pdf': 'reports\\edu_scan_report_20251105T173327Z.pdf'}
